# JRE version: OpenJDK Runtime Environment Corretto-21.0.9.10.1 (21.0.9+10) (build 21.0.9+10-LTS)
# Java VM: OpenJDK 64-Bit Server VM Corretto-21.0.9.10.1 (21.0.9+10-LTS, mixed mode, sharing, tiered, compressed oops, compressed class ptrs, g1 gc, windows-amd64)
GC Precious Log:
 CardTable entry size: 512
 Card Set container configuration: InlinePtr #cards 4 size 8 Array Of Cards #cards 16 size 48 Howl #buckets 8 coarsen threshold 3686 Howl Bitmap #cards 512 size 80 coarsen threshold 460 Card regions per heap region 1 cards per card region 4096
 CPUs: 16 total, 16 available
 Memory: 31849M
 Large Page Support: Disabled
 NUMA Support: Disabled
 Compressed Oops: Enabled (Zero based)
 Heap Region Size: 2M
 Heap Min Capacity: 8M
 Heap Initial Capacity: 498M
 Heap Max Capacity: 4G
 Pre-touch: Disabled
 Parallel Workers: 13
 Concurrent Workers: 3
 Concurrent Refinement Workers: 13
 Periodic GC: Disabled
Heap:
 garbage-first heap   total 770048K, used 328500K [0x0000000700000000, 0x0000000800000000)
  region size 2048K, 24 young (49152K), 24 survivors (49152K)
 Metaspace       used 83773K, committed 85888K, reserved 1179648K
  class space    used 11517K, committed 12544K, reserved 1048576K
GC Heap History (20 events):
Event: 18.237 GC heap after
{Heap after GC invocations=51 (full 0):
 garbage-first heap   total 544768K, used 246972K [0x0000000700000000, 0x0000000800000000)
  region size 2048K, 10 young (20480K), 10 survivors (20480K)
 Metaspace       used 82171K, committed 84288K, reserved 1179648K
  class space    used 11378K, committed 12416K, reserved 1048576K
}
Event: 19.343 GC heap before
{Heap before GC invocations=52 (full 0):
 garbage-first heap   total 544768K, used 517308K [0x0000000700000000, 0x0000000800000000)
  region size 2048K, 141 young (288768K), 10 survivors (20480K)
 Metaspace       used 82181K, committed 84288K, reserved 1179648K
  class space    used 11378K, committed 12416K, reserved 1048576K
}
Event: 19.347 GC heap after
{Heap after GC invocations=53 (full 0):
 garbage-first heap   total 550912K, used 260487K [0x0000000700000000, 0x0000000800000000)
  region size 2048K, 15 young (30720K), 15 survivors (30720K)
 Metaspace       used 82181K, committed 84288K, reserved 1179648K
  class space    used 11378K, committed 12416K, reserved 1048576K
}
Event: 20.077 GC heap before
{Heap before GC invocations=53 (full 0):
 garbage-first heap   total 550912K, used 520583K [0x0000000700000000, 0x0000000800000000)
  region size 2048K, 142 young (290816K), 15 survivors (30720K)
 Metaspace       used 82181K, committed 84288K, reserved 1179648K
  class space    used 11378K, committed 12416K, reserved 1048576K
}
Event: 20.081 GC heap after
{Heap after GC invocations=54 (full 0):
 garbage-first heap   total 559104K, used 235833K [0x0000000700000000, 0x0000000800000000)
  region size 2048K, 10 young (20480K), 10 survivors (20480K)
 Metaspace       used 82181K, committed 84288K, reserved 1179648K
  class space    used 11378K, committed 12416K, reserved 1048576K
}
Event: 20.084 GC heap before
{Heap before GC invocations=54 (full 0):
 garbage-first heap   total 559104K, used 235833K [0x0000000700000000, 0x0000000800000000)
  region size 2048K, 11 young (22528K), 10 survivors (20480K)
 Metaspace       used 82181K, committed 84288K, reserved 1179648K
  class space    used 11378K, committed 12416K, reserved 1048576K
}
Event: 20.087 GC heap after
{Heap after GC invocations=55 (full 0):
 garbage-first heap   total 559104K, used 232411K [0x0000000700000000, 0x0000000800000000)
  region size 2048K, 10 young (20480K), 10 survivors (20480K)
 Metaspace       used 82181K, committed 84288K, reserved 1179648K
  class space    used 11378K, committed 12416K, reserved 1048576K
}
Event: 20.329 GC heap before
{Heap before GC invocations=56 (full 0):
 garbage-first heap   total 559104K, used 510939K [0x0000000700000000, 0x0000000800000000)
  region size 2048K, 145 young (296960K), 10 survivors (20480K)
 Metaspace       used 82181K, committed 84288K, reserved 1179648K
  class space    used 11378K, committed 12416K, reserved 1048576K
}
Event: 20.340 GC heap after
{Heap after GC invocations=57 (full 0):
 garbage-first heap   total 589824K, used 292211K [0x0000000700000000, 0x0000000800000000)
  region size 2048K, 19 young (38912K), 19 survivors (38912K)
 Metaspace       used 82181K, committed 84288K, reserved 1179648K
  class space    used 11378K, committed 12416K, reserved 1048576K
}
Event: 20.508 GC heap before
{Heap before GC invocations=57 (full 0):
 garbage-first heap   total 589824K, used 529779K [0x0000000700000000, 0x0000000800000000)
  region size 2048K, 136 young (278528K), 19 survivors (38912K)
 Metaspace       used 82181K, committed 84288K, reserved 1179648K
  class space    used 11378K, committed 12416K, reserved 1048576K
}
Event: 20.516 GC heap after
{Heap after GC invocations=58 (full 0):
 garbage-first heap   total 724992K, used 307598K [0x0000000700000000, 0x0000000800000000)
  region size 2048K, 12 young (24576K), 12 survivors (24576K)
 Metaspace       used 82181K, committed 84288K, reserved 1179648K
  class space    used 11378K, committed 12416K, reserved 1048576K
}
Event: 20.582 GC heap before
{Heap before GC invocations=58 (full 0):
 garbage-first heap   total 724992K, used 596366K [0x0000000700000000, 0x0000000800000000)
  region size 2048K, 154 young (315392K), 12 survivors (24576K)
 Metaspace       used 82183K, committed 84288K, reserved 1179648K
  class space    used 11378K, committed 12416K, reserved 1048576K
}
Event: 20.586 GC heap after
{Heap after GC invocations=59 (full 0):
 garbage-first heap   total 724992K, used 311190K [0x0000000700000000, 0x0000000800000000)
  region size 2048K, 13 young (26624K), 13 survivors (26624K)
 Metaspace       used 82183K, committed 84288K, reserved 1179648K
  class space    used 11378K, committed 12416K, reserved 1048576K
}
Event: 20.673 GC heap before
{Heap before GC invocations=59 (full 0):
 garbage-first heap   total 724992K, used 649110K [0x0000000700000000, 0x0000000800000000)
  region size 2048K, 178 young (364544K), 13 survivors (26624K)
 Metaspace       used 82183K, committed 84288K, reserved 1179648K
  class space    used 11378K, committed 12416K, reserved 1048576K
}
Event: 20.676 GC heap after
{Heap after GC invocations=60 (full 0):
 garbage-first heap   total 724992K, used 316661K [0x0000000700000000, 0x0000000800000000)
  region size 2048K, 16 young (32768K), 16 survivors (32768K)
 Metaspace       used 82183K, committed 84288K, reserved 1179648K
  class space    used 11378K, committed 12416K, reserved 1048576K
}
Event: 20.788 GC heap before
{Heap before GC invocations=60 (full 0):
 garbage-first heap   total 724992K, used 660725K [0x0000000700000000, 0x0000000800000000)
  region size 2048K, 185 young (378880K), 16 survivors (32768K)
 Metaspace       used 82183K, committed 84288K, reserved 1179648K
  class space    used 11378K, committed 12416K, reserved 1048576K
}
Event: 20.793 GC heap after
{Heap after GC invocations=61 (full 0):
 garbage-first heap   total 724992K, used 321437K [0x0000000700000000, 0x0000000800000000)
  region size 2048K, 9 young (18432K), 9 survivors (18432K)
 Metaspace       used 82183K, committed 84288K, reserved 1179648K
  class space    used 11378K, committed 12416K, reserved 1048576K
}
Event: 20.927 GC heap before
{Heap before GC invocations=62 (full 0):
 garbage-first heap   total 724992K, used 661405K [0x0000000700000000, 0x0000000800000000)
  region size 2048K, 180 young (368640K), 9 survivors (18432K)
 Metaspace       used 82201K, committed 84288K, reserved 1179648K
  class space    used 11378K, committed 12416K, reserved 1048576K
}
Event: 20.930 GC heap after
{Heap after GC invocations=63 (full 0):
 garbage-first heap   total 724992K, used 314816K [0x0000000700000000, 0x0000000800000000)
  region size 2048K, 10 young (20480K), 10 survivors (20480K)
 Metaspace       used 82201K, committed 84288K, reserved 1179648K
  class space    used 11378K, committed 12416K, reserved 1048576K
}
Event: 24.077 GC heap before
{Heap before GC invocations=63 (full 0):
 garbage-first heap   total 724992K, used 681408K [0x0000000700000000, 0x0000000800000000)
  region size 2048K, 188 young (385024K), 10 survivors (20480K)
 Metaspace       used 83773K, committed 85888K, reserved 1179648K
  class space    used 11517K, committed 12544K, reserved 1048576K
}

